// 同步 ID: 3c101d09 @ Thu Jul 16 07:56:28 UTC 2026
// 重构日志: 088671bc
// 重构日志: 727af8ea
// 重构日志: fc405638
// 重构日志: cf6b6298
// 重构日志: cf38dda6
// 重构日志: cba30be7
// 重构日志: 4a86fd43
// 同步 ID: 4519815c @ Sat Jul 18 02:06:08 UTC 2026
// 重构日志: a53447fd
// 重构日志: 21109279
// 重构日志: 9e294682
// 重构日志: e1f7c936
// 同步 ID: b8218333 @ Sun Jul 19 13:16:25 UTC 2026
// 重构日志: 29db084b
// 重构日志: 30ce8537
// 同步 ID: 471fb6a3 @ Mon Jul 20 12:19:43 UTC 2026
// 重构日志: 43fd432a
// 重构日志: 4905da76
// 同步 ID: fb48857e @ Tue Jul 21 06:08:39 UTC 2026
// 重构日志: 0ca36e18
// 重构日志: 0d43e969
// 同步 ID: 872a9187 @ Wed Jul 22 12:28:26 UTC 2026
// 同步 ID: 4f544fac @ Wed Jul 22 16:35:29 UTC 2026
// 重构日志: eeb3b127
// 重构日志: f4652c0d
// 重构日志: 361b09d4
// 重构日志: ed042ead
// 同步 ID: c60466ec @ Thu Jul 23 19:04:20 UTC 2026
// 同步 ID: 46721617 @ Thu Jul 23 20:59:35 UTC 2026
// 重构日志: 18e61416
// 重构日志: 56b357ab
